[2025-05-14 18:54:32,253][jax._src.xla_bridge][INFO] - Unable to initialize backend 'tpu': INTERNAL: Failed to open libtpu.so: libtpu.so: cannot open shared object file: No such file or directory
[2025-05-14 18:55:05,094][absl][INFO] - [thread=MainThread] Failed to get flag value for EXPERIMENTAL_ORBAX_USE_DISTRIBUTED_PROCESS_ID.
[2025-05-14 18:55:05,095][absl][INFO] - [process=0][thread=MainThread] CheckpointManager init: checkpointers=None, item_names=None, item_handlers=None, handler_registry=None
[2025-05-14 18:55:05,096][absl][INFO] - Initialized registry DefaultCheckpointHandlerRegistry({('metrics', <class 'orbax.checkpoint._src.handlers.json_checkpoint_handler.JsonSaveArgs'>): <orbax.checkpoint._src.handlers.json_checkpoint_handler.JsonCheckpointHandler object at 0x7f79b04e4340>, ('metrics', <class 'orbax.checkpoint._src.handlers.json_checkpoint_handler.JsonRestoreArgs'>): <orbax.checkpoint._src.handlers.json_checkpoint_handler.JsonCheckpointHandler object at 0x7f79b04e4340>}).
[2025-05-14 18:55:05,097][absl][INFO] - orbax-checkpoint version: 0.11.12
[2025-05-14 18:55:05,097][absl][INFO] - [process=0][thread=MainThread] Using barrier_sync_fn: <function get_barrier_sync_fn.<locals>.<lambda> at 0x7f79b0495090> timeout: 600 secs and primary_host=0 for async checkpoint writes
[2025-05-14 18:55:05,098][absl][INFO] - Cleaning up existing temporary directories at /home/4thhia/workdir/dtd/models/ppo/hopper/dtd/noise000/1747248866.
[2025-05-14 18:55:05,099][absl][INFO] - Found 0 checkpoint steps in /home/4thhia/workdir/dtd/models/ppo/hopper/dtd/noise000/1747248866
[2025-05-14 18:55:05,099][absl][INFO] - [process=0][thread=MainThread] CheckpointManager created,  primary_host=0, CheckpointManagerOptions=CheckpointManagerOptions(save_interval_steps=1, max_to_keep=None, keep_time_interval=None, keep_period=None, should_keep_fn=None, best_fn=None, best_mode='max', keep_checkpoints_without_metrics=True, step_prefix=None, step_format_fixed_length=1, step_name_format=None, create=True, cleanup_tmp_directories=True, save_on_steps=frozenset(), single_host_load_and_broadcast=False, todelete_subdir=None, enable_background_delete=False, read_only=False, enable_async_checkpointing=True, async_options=None, multiprocessing_options=MultiprocessingOptions(primary_host=0, active_processes=None, barrier_sync_key_prefix=None), should_save_fn=None, file_options=FileOptions(path_permission_mode=None), save_root_metadata=True, temporary_path_class=None, save_decision_policy=None), root_directory=/home/4thhia/workdir/dtd/models/ppo/hopper/dtd/noise000/1747248866: <orbax.checkpoint.checkpoint_manager.CheckpointManager object at 0x7f79b044b850>
[2025-05-14 18:58:06,271][absl][INFO] - [process=0][thread=MainThread][wait_until_finished] No Save Finalize thread to wait for. Returning.
[2025-05-14 18:58:06,272][absl][INFO] - [process=0] Saving checkpoint at step 1
[2025-05-14 18:58:06,273][absl][INFO] - [process=0] Started async saving checkpoint to /home/4thhia/workdir/dtd/models/ppo/hopper/dtd/noise000/1747248866/1.
[2025-05-14 18:58:06,274][root][INFO] - Using ThreadSafeKeyValueSignalingClient
[2025-05-14 18:58:06,276][absl][INFO] - No entry found in handler registry for item: default and args with type: <class 'orbax.checkpoint._src.handlers.standard_checkpoint_handler.StandardSaveArgs'>. Falling back to global handler registry.
[2025-05-14 18:58:06,276][absl][INFO] - Created BasePyTreeCheckpointHandler: use_ocdbt=True, use_zarr3=False, pytree_metadata_options=PyTreeMetadataOptions(support_rich_types=False), array_metadata_store=<orbax.checkpoint._src.metadata.array_metadata_store.Store object at 0x7f7af4b376a0>
[2025-05-14 18:58:06,276][absl][INFO] - Deferred registration for item: "default". Adding handler `<orbax.checkpoint._src.handlers.standard_checkpoint_handler.StandardCheckpointHandler object at 0x7f79b04e6110>` for item "default" and save args `<class 'orbax.checkpoint._src.handlers.standard_checkpoint_handler.StandardSaveArgs'>` and restore args `<class 'orbax.checkpoint._src.handlers.standard_checkpoint_handler.StandardRestoreArgs'>` to `_handler_registry`.
[2025-05-14 18:58:06,281][absl][INFO] - Transferring arrays to host memory with options: use_replica_parallel=True, enable_pinned_host_transfer=False
[2025-05-14 18:58:06,286][absl][INFO] - Creating tmp directory /home/4thhia/workdir/dtd/models/ppo/hopper/dtd/noise000/1747248866/1.orbax-checkpoint-tmp-0
[2025-05-14 18:58:06,289][absl][INFO] - Wrote Metadata={'item_handlers': None, 'metrics': {}, 'performance_metrics': {}, 'init_timestamp_nsecs': 1747249086287072327, 'commit_timestamp_nsecs': None, 'custom_metadata': {}}, json={"item_handlers": null, "metrics": {}, "performance_metrics": {}, "init_timestamp_nsecs": 1747249086287072327, "commit_timestamp_nsecs": null, "custom_metadata": {}} to /home/4thhia/workdir/dtd/models/ppo/hopper/dtd/noise000/1747248866/1.orbax-checkpoint-tmp-0/_CHECKPOINT_METADATA
[2025-05-14 18:58:06,292][absl][INFO] - Creating tmp directory /home/4thhia/workdir/dtd/models/ppo/hopper/dtd/noise000/1747248866/1.orbax-checkpoint-tmp-0/default.orbax-checkpoint-tmp-1
[2025-05-14 18:58:06,302][absl][INFO] - [process=0] /jax/checkpoint/write/blocking_bytes_per_sec: 63.5 MiB/s (total bytes: 1.6 MiB) (time elapsed: 25 milliseconds) (per-host)
[2025-05-14 18:58:06,315][absl][INFO] - [process=0][thread=async_save] Background save thread started.
[2025-05-14 18:58:06,317][absl][INFO] - Finished blocking save in 0.04 seconds. Continuing to save asynchronously to /home/4thhia/workdir/dtd/models/ppo/hopper/dtd/noise000/1747248866/1.
[2025-05-14 18:58:06,324][absl][INFO] - [process=0][thread=MainThread][step=1] Starting CheckpointManager Save Finalize thread=save_finalize
[2025-05-14 18:58:06,325][absl][INFO] - [process=0][thread=save_finalize] Waiting for background save thread=async_save.
[2025-05-14 18:58:06,327][absl][INFO] - {'step': 1, 'event_type': 'save', 'directory': '/home/4thhia/workdir/dtd/models/ppo/hopper/dtd/noise000/1747248866', 'reached_preemption': False, 'preemption_received_at': None, 'synchronous': False, 'wait_for_prev_start_time': 1747249086.2716708, 'wait_for_prev_duration_secs': 0.0005781650543212891, 'checkpointer_blocking_start_time': 1747249086.2725573, 'checkpointer_blocking_duration_secs': 0.05128908157348633, 'get_old_steps_start_time': 1747249086.3238862, 'get_old_steps_duration_secs': 8.344650268554688e-06, 'checkpoint_manager_blocking_start_time': 1747249086.271343, 'checkpoint_manager_blocking_duration_secs': 0.055556535720825195}
[2025-05-14 18:58:06,406][absl][INFO] - [process=0][thread=array_type_handler] Wrote 45 array_metadata.ArrayMetadata to /home/4thhia/workdir/dtd/models/ppo/hopper/dtd/noise000/1747248866/1.orbax-checkpoint-tmp-0/default.orbax-checkpoint-tmp-1/array_metadatas/process_0
[2025-05-14 18:58:06,443][absl][INFO] - [process=0] /jax/checkpoint/write/bytes_per_sec: 9.6 MiB/s (total bytes: 1.6 MiB) (time elapsed: 165 milliseconds) (per-host)
[2025-05-14 18:58:06,444][absl][INFO] - [process=0][thread=async_save] 3 Handler Commit operations completed.
[2025-05-14 18:58:06,445][absl][INFO] - Read Metadata={'item_handlers': None, 'metrics': {}, 'performance_metrics': {}, 'init_timestamp_nsecs': 1747249086287072327, 'commit_timestamp_nsecs': None, 'custom_metadata': {}} from /home/4thhia/workdir/dtd/models/ppo/hopper/dtd/noise000/1747248866/1.orbax-checkpoint-tmp-0/_CHECKPOINT_METADATA
[2025-05-14 18:58:06,450][absl][INFO] - Updated Metadata={'item_handlers': {'default': 'orbax.checkpoint._src.handlers.standard_checkpoint_handler.StandardCheckpointHandler'}, 'metrics': {}, 'performance_metrics': {}, 'init_timestamp_nsecs': 1747249086287072327, 'commit_timestamp_nsecs': None, 'custom_metadata': {}} to /home/4thhia/workdir/dtd/models/ppo/hopper/dtd/noise000/1747248866/1.orbax-checkpoint-tmp-0/_CHECKPOINT_METADATA
[2025-05-14 18:58:06,451][absl][WARNING] - [process=0][thread=async_save] Skipped cross-host ArrayMetadata validation because only one process is found: process_index=0.
[2025-05-14 18:58:06,458][absl][INFO] - Renaming /home/4thhia/workdir/dtd/models/ppo/hopper/dtd/noise000/1747248866/1.orbax-checkpoint-tmp-0/default.orbax-checkpoint-tmp-1 to /home/4thhia/workdir/dtd/models/ppo/hopper/dtd/noise000/1747248866/1.orbax-checkpoint-tmp-0/default
[2025-05-14 18:58:06,459][absl][INFO] - Renaming /home/4thhia/workdir/dtd/models/ppo/hopper/dtd/noise000/1747248866/1.orbax-checkpoint-tmp-0 to /home/4thhia/workdir/dtd/models/ppo/hopper/dtd/noise000/1747248866/1
[2025-05-14 18:58:06,460][absl][INFO] - [process=0][thread=async_save] Finished saving checkpoint (finalized tmp dir) to `/home/4thhia/workdir/dtd/models/ppo/hopper/dtd/noise000/1747248866/1`.
[2025-05-14 18:58:06,460][absl][INFO] - Finished asynchronous save (blocking + background) in 0.19 seconds to /home/4thhia/workdir/dtd/models/ppo/hopper/dtd/noise000/1747248866/1
[2025-05-14 18:58:06,460][absl][INFO] - [process=0][thread=async_save] Background save thread done.
[2025-05-14 18:58:06,460][absl][INFO] - [process=0][thread=save_finalize] Done with waiting for background save thread=async_save.
[2025-05-14 18:58:06,461][absl][INFO] - [process=0][thread=save_finalize] No errors found in background save thread=async_save.
[2025-05-14 18:58:06,461][absl][INFO] - [process=0][thread=save_finalize][step=1] CheckpointManager Save Finalize is syncing with other hosts...
[2025-05-14 18:58:06,461][absl][INFO] - [process=0][thread=save_finalize][step=1] CheckpointManager Save Finalize is done on all hosts.
